Determining if the pthread_create exist failed with the following output:
Change Dir: /home/student/CarND-Capstone/ros/build/CMakeFiles/CMakeTmp

Run Build Command:"/usr/bin/make" "cmTC_aaf5a/fast"
/usr/bin/make -f CMakeFiles/cmTC_aaf5a.dir/build.make CMakeFiles/cmTC_aaf5a.dir/build
make[1]: Entering directory '/home/student/CarND-Capstone/ros/build/CMakeFiles/CMakeTmp'
Building C object CMakeFiles/cmTC_aaf5a.dir/CheckSymbolExists.c.o
/usr/bin/cc     -o CMakeFiles/cmTC_aaf5a.dir/CheckSymbolExists.c.o   -c /home/student/CarND-Capstone/ros/build/CMakeFiles/CMakeTmp/CheckSymbolExists.c
Linking C executable cmTC_aaf5a
/usr/bin/cmake -E cmake_link_script CMakeFiles/cmTC_aaf5a.dir/link.txt --verbose=1
/usr/bin/cc       CMakeFiles/cmTC_aaf5a.dir/CheckSymbolExists.c.o  -o cmTC_aaf5a -rdynamic 
CMakeFiles/cmTC_aaf5a.dir/CheckSymbolExists.c.o: In function `main':
CheckSymbolExists.c:(.text+0x16): undefined reference to `pthread_create'
collect2: error: ld returned 1 exit status
CMakeFiles/cmTC_aaf5a.dir/build.make:97: recipe for target 'cmTC_aaf5a' failed
make[1]: *** [cmTC_aaf5a] Error 1
make[1]: Leaving directory '/home/student/CarND-Capstone/ros/build/CMakeFiles/CMakeTmp'
Makefile:126: recipe for target 'cmTC_aaf5a/fast' failed
make: *** [cmTC_aaf5a/fast] Error 2

File /home/student/CarND-Capstone/ros/build/CMakeFiles/CMakeTmp/CheckSymbolExists.c:
/* */
#include <pthread.h>

int main(int argc, char** argv)
{
  (void)argv;
#ifndef pthread_create
  return ((int*)(&pthread_create))[argc];
#else
  (void)argc;
  return 0;
#endif
}

Determining if the function pthread_create exists in the pthreads failed with the following output:
Change Dir: /home/student/CarND-Capstone/ros/build/CMakeFiles/CMakeTmp

Run Build Command:"/usr/bin/make" "cmTC_a893e/fast"
/usr/bin/make -f CMakeFiles/cmTC_a893e.dir/build.make CMakeFiles/cmTC_a893e.dir/build
make[1]: Entering directory '/home/student/CarND-Capstone/ros/build/CMakeFiles/CMakeTmp'
Building C object CMakeFiles/cmTC_a893e.dir/CheckFunctionExists.c.o
/usr/bin/cc    -DCHECK_FUNCTION_EXISTS=pthread_create   -o CMakeFiles/cmTC_a893e.dir/CheckFunctionExists.c.o   -c /usr/share/cmake-3.5/Modules/CheckFunctionExists.c
Linking C executable cmTC_a893e
/usr/bin/cmake -E cmake_link_script CMakeFiles/cmTC_a893e.dir/link.txt --verbose=1
/usr/bin/cc   -DCHECK_FUNCTION_EXISTS=pthread_create    CMakeFiles/cmTC_a893e.dir/CheckFunctionExists.c.o  -o cmTC_a893e -rdynamic -lpthreads 
/usr/bin/ld: cannot find -lpthreads
collect2: error: ld returned 1 exit status
CMakeFiles/cmTC_a893e.dir/build.make:97: recipe for target 'cmTC_a893e' failed
make[1]: *** [cmTC_a893e] Error 1
make[1]: Leaving directory '/home/student/CarND-Capstone/ros/build/CMakeFiles/CMakeTmp'
Makefile:126: recipe for target 'cmTC_a893e/fast' failed
make: *** [cmTC_a893e/fast] Error 2


